[14:24:47.024] Global cache location '/home/kenet/.cache/typescript/4.4', safe file path '/home/kenet/Proyectos/notas-k/node_modules/typescript/lib/typingSafeList.json', types map path /home/kenet/Proyectos/notas-k/node_modules/typescript/lib/typesMap.json
[14:24:47.025] Processing cache location '/home/kenet/.cache/typescript/4.4'
[14:24:47.025] Trying to find '/home/kenet/.cache/typescript/4.4/package.json'...
[14:24:47.029] Loaded content of '/home/kenet/.cache/typescript/4.4/package.json': {"private":true,"dependencies":{"types-registry":"^0.1.598"},"devDependencies":{"@types/argparse":"^2.0.10","@types/babel__core":"^7.1.19","@types/balanced-match":"^1.0.2","@types/boolbase":"^1.0.1","@types/brace-expansion":"^1.1.0","@types/braces":"^3.0.1","@types/buffer-crc32":"^0.2.0","@types/camelcase-css":"^2.0.0","@types/caniuse-api":"^3.0.2","@types/caniuse-lite":"^1.0.1","@types/color-convert":"^2.0.0","@types/color-name":"^1.1.1","@types/concat-map":"^0.0.1","@types/cookie":"^0.5.1","@types/cross-spawn":"^6.0.2","@types/css-tree":"^1.0.7","@types/cssesc":"^3.0.0","@types/csso":"^5.0.0","@types/debug":"^4.1.7","@types/defined":"^1.0.0","@types/detective":"^5.1.2","@types/didyoumean":"^1.2.0","@types/dir-glob":"^2.0.1","@types/dlv":"^1.1.2","@types/doctrine":"^0.0.5","@types/eslint":"^8.4.3","@types/eslint-config-prettier":"^6.11.0","@types/eslint-scope":"^3.7.3","@types/eslint-utils":"^3.0.1","@types/eslint-visitor-keys":"^1.0.0","@types/esprima":"^4.0.3","@types/esquery":"^1.0.2","@types/estraverse":"^5.1.1","@types/estree":"^0.0.52","@types/esutils":"^2.0.0","@types/fast-levenshtein":"^0.0.2","@types/file-entry-cache":"^5.0.2","@types/fill-range":"^7.0.0","@types/flat-cache":"^2.0.0","@types/function-bind":"^1.1.7","@types/functional-red-black-tree":"^1.0.1","@types/glob":"^7.2.0","@types/glob-parent":"^5.1.1","@types/globalyzer":"^0.1.1","@types/globrex":"^0.1.2","@types/graceful-fs":"^4.1.5","@types/has":"^1.0.0","@types/imurmurhash":"^0.1.1","@types/inherits":"^0.0.30","@types/is-core-module":"^2.2.0","@types/is-glob":"^4.0.2","@types/is-number":"^7.0.3","@types/isexe":"^2.0.1","@types/js-yaml":"^4.0.5","@types/lodash.castarray":"^4.4.7","@types/lodash.isplainobject":"^4.0.7","@types/lodash.memoize":"^4.1.7","@types/lodash.merge":"^4.6.7","@types/lodash.truncate":"^4.4.7","@types/lodash.uniq":"^4.5.7","@types/lozad":"^1.16.1","@types/merge2":"^1.3.1","@types/micromatch":"^4.0.2","@types/min-indent":"^1.0.0","@types/minimatch":"^3.0.5","@types/minimist":"^1.2.2","@types/mkdirp":"^1.0.2","@types/ms":"^0.7.31","@types/natural-compare":"^1.4.1","@types/node-fetch":"^2.6.2","@types/normalize-path":"^3.0.0","@types/object-hash":"^2.2.1","@types/once":"^1.4.0","@types/parse-json":"^4.0.0","@types/path-is-absolute":"^1.0.0","@types/path-parse":"^1.0.19","@types/picomatch":"^2.3.0","@types/postcss-js":"^4.0.0","@types/prelude-ls":"^1.1.29","@types/prettier":"^2.6.3","@types/progress":"^2.0.5","@types/punycode":"^2.1.0","@types/require-from-string":"^1.2.1","@types/resolve":"^1.20.2","@types/rimraf":"^3.0.2","@types/run-parallel":"^1.1.0","@types/semver":"^7.3.10","@types/shebang-command":"^1.2.0","@types/slice-ansi":"^5.0.0","@types/sprintf":"^0.1.0","@types/sprintf-js":"^1.1.2","@types/supports-color":"^8.1.1","@types/svgo":"^2.6.3","@types/tailwindcss":"^3.0.10","@types/text-table":"^0.2.2","@types/to-regex-range":"^5.0.0","@types/type-check":"^0.3.27","@types/util-deprecate":"^1.0.0","@types/which":"^2.0.1","@types/xtend":"^4.0.4","@types/yallist":"^4.0.1"}}
[14:24:47.030] Loaded content of '/home/kenet/.cache/typescript/4.4/package-lock.json'
[14:24:47.047] Adding entry into typings cache: 'argparse' => '/home/kenet/.cache/typescript/4.4/node_modules/@types/argparse/index.d.ts'
[14:24:47.050] Adding entry into typings cache: 'babel__core' => '/home/kenet/.cache/typescript/4.4/node_modules/@types/babel__core/index.d.ts'
[14:24:47.052] Adding entry into typings cache: 'balanced-match' => '/home/kenet/.cache/typescript/4.4/node_modules/@types/balanced-match/index.d.ts'
[14:24:47.053] Adding entry into typings cache: 'boolbase' => '/home/kenet/.cache/typescript/4.4/node_modules/@types/boolbase/index.d.ts'
[14:24:47.055] Adding entry into typings cache: 'brace-expansion' => '/home/kenet/.cache/typescript/4.4/node_modules/@types/brace-expansion/index.d.ts'
[14:24:47.057] Adding entry into typings cache: 'braces' => '/home/kenet/.cache/typescript/4.4/node_modules/@types/braces/index.d.ts'
[14:24:47.059] Adding entry into typings cache: 'buffer-crc32' => '/home/kenet/.cache/typescript/4.4/node_modules/@types/buffer-crc32/index.d.ts'
[14:24:47.061] Adding entry into typings cache: 'camelcase-css' => '/home/kenet/.cache/typescript/4.4/node_modules/@types/camelcase-css/index.d.ts'
[14:24:47.063] Adding entry into typings cache: 'caniuse-api' => '/home/kenet/.cache/typescript/4.4/node_modules/@types/caniuse-api/index.d.ts'
[14:24:47.064] Adding entry into typings cache: 'caniuse-lite' => '/home/kenet/.cache/typescript/4.4/node_modules/@types/caniuse-lite/index.d.ts'
[14:24:47.067] Adding entry into typings cache: 'color-convert' => '/home/kenet/.cache/typescript/4.4/node_modules/@types/color-convert/index.d.ts'
[14:24:47.069] Adding entry into typings cache: 'color-name' => '/home/kenet/.cache/typescript/4.4/node_modules/@types/color-name/index.d.ts'
[14:24:47.071] Adding entry into typings cache: 'concat-map' => '/home/kenet/.cache/typescript/4.4/node_modules/@types/concat-map/index.d.ts'
[14:24:47.072] Adding entry into typings cache: 'cookie' => '/home/kenet/.cache/typescript/4.4/node_modules/@types/cookie/index.d.ts'
[14:24:47.074] Adding entry into typings cache: 'cross-spawn' => '/home/kenet/.cache/typescript/4.4/node_modules/@types/cross-spawn/index.d.ts'
[14:24:47.075] Adding entry into typings cache: 'css-tree' => '/home/kenet/.cache/typescript/4.4/node_modules/@types/css-tree/index.d.ts'
[14:24:47.076] Adding entry into typings cache: 'cssesc' => '/home/kenet/.cache/typescript/4.4/node_modules/@types/cssesc/index.d.ts'
[14:24:47.079] Adding entry into typings cache: 'csso' => '/home/kenet/.cache/typescript/4.4/node_modules/@types/csso/index.d.ts'
[14:24:47.081] Adding entry into typings cache: 'debug' => '/home/kenet/.cache/typescript/4.4/node_modules/@types/debug/index.d.ts'
[14:24:47.082] Adding entry into typings cache: 'defined' => '/home/kenet/.cache/typescript/4.4/node_modules/@types/defined/index.d.ts'
[14:24:47.083] Adding entry into typings cache: 'detective' => '/home/kenet/.cache/typescript/4.4/node_modules/@types/detective/index.d.ts'
[14:24:47.085] Adding entry into typings cache: 'didyoumean' => '/home/kenet/.cache/typescript/4.4/node_modules/@types/didyoumean/index.d.ts'
[14:24:47.086] Adding entry into typings cache: 'dir-glob' => '/home/kenet/.cache/typescript/4.4/node_modules/@types/dir-glob/index.d.ts'
[14:24:47.088] Adding entry into typings cache: 'dlv' => '/home/kenet/.cache/typescript/4.4/node_modules/@types/dlv/index.d.ts'
[14:24:47.090] Adding entry into typings cache: 'doctrine' => '/home/kenet/.cache/typescript/4.4/node_modules/@types/doctrine/index.d.ts'
[14:24:47.091] Adding entry into typings cache: 'eslint' => '/home/kenet/.cache/typescript/4.4/node_modules/@types/eslint/index.d.ts'
[14:24:47.094] Adding entry into typings cache: 'eslint-config-prettier' => '/home/kenet/.cache/typescript/4.4/node_modules/@types/eslint-config-prettier/index.d.ts'
[14:24:47.096] Adding entry into typings cache: 'eslint-scope' => '/home/kenet/.cache/typescript/4.4/node_modules/@types/eslint-scope/index.d.ts'
[14:24:47.097] Adding entry into typings cache: 'eslint-utils' => '/home/kenet/.cache/typescript/4.4/node_modules/@types/eslint-utils/index.d.ts'
[14:24:47.098] Adding entry into typings cache: 'eslint-visitor-keys' => '/home/kenet/.cache/typescript/4.4/node_modules/@types/eslint-visitor-keys/index.d.ts'
[14:24:47.099] Adding entry into typings cache: 'esprima' => '/home/kenet/.cache/typescript/4.4/node_modules/@types/esprima/index.d.ts'
[14:24:47.100] Adding entry into typings cache: 'esquery' => '/home/kenet/.cache/typescript/4.4/node_modules/@types/esquery/index.d.ts'
[14:24:47.102] Adding entry into typings cache: 'estraverse' => '/home/kenet/.cache/typescript/4.4/node_modules/@types/estraverse/index.d.ts'
[14:24:47.103] Adding entry into typings cache: 'estree' => '/home/kenet/.cache/typescript/4.4/node_modules/@types/estree/index.d.ts'
[14:24:47.104] Adding entry into typings cache: 'esutils' => '/home/kenet/.cache/typescript/4.4/node_modules/@types/esutils/index.d.ts'
[14:24:47.105] Adding entry into typings cache: 'fast-levenshtein' => '/home/kenet/.cache/typescript/4.4/node_modules/@types/fast-levenshtein/index.d.ts'
[14:24:47.114] Adding entry into typings cache: 'file-entry-cache' => '/home/kenet/.cache/typescript/4.4/node_modules/@types/file-entry-cache/index.d.ts'
[14:24:47.116] Adding entry into typings cache: 'fill-range' => '/home/kenet/.cache/typescript/4.4/node_modules/@types/fill-range/index.d.ts'
[14:24:47.118] Adding entry into typings cache: 'flat-cache' => '/home/kenet/.cache/typescript/4.4/node_modules/@types/flat-cache/index.d.ts'
[14:24:47.120] Adding entry into typings cache: 'function-bind' => '/home/kenet/.cache/typescript/4.4/node_modules/@types/function-bind/index.d.ts'
[14:24:47.121] Adding entry into typings cache: 'functional-red-black-tree' => '/home/kenet/.cache/typescript/4.4/node_modules/@types/functional-red-black-tree/index.d.ts'
[14:24:47.123] Adding entry into typings cache: 'glob' => '/home/kenet/.cache/typescript/4.4/node_modules/@types/glob/index.d.ts'
[14:24:47.124] Adding entry into typings cache: 'glob-parent' => '/home/kenet/.cache/typescript/4.4/node_modules/@types/glob-parent/index.d.ts'
[14:24:47.126] Adding entry into typings cache: 'globalyzer' => '/home/kenet/.cache/typescript/4.4/node_modules/@types/globalyzer/index.d.ts'
[14:24:47.127] Adding entry into typings cache: 'globrex' => '/home/kenet/.cache/typescript/4.4/node_modules/@types/globrex/index.d.ts'
[14:24:47.129] Adding entry into typings cache: 'graceful-fs' => '/home/kenet/.cache/typescript/4.4/node_modules/@types/graceful-fs/index.d.ts'
[14:24:47.131] Adding entry into typings cache: 'has' => '/home/kenet/.cache/typescript/4.4/node_modules/@types/has/index.d.ts'
[14:24:47.132] Adding entry into typings cache: 'imurmurhash' => '/home/kenet/.cache/typescript/4.4/node_modules/@types/imurmurhash/index.d.ts'
[14:24:47.134] Adding entry into typings cache: 'inherits' => '/home/kenet/.cache/typescript/4.4/node_modules/@types/inherits/index.d.ts'
[14:24:47.136] Adding entry into typings cache: 'is-core-module' => '/home/kenet/.cache/typescript/4.4/node_modules/@types/is-core-module/index.d.ts'
[14:24:47.137] Adding entry into typings cache: 'is-glob' => '/home/kenet/.cache/typescript/4.4/node_modules/@types/is-glob/index.d.ts'
[14:24:47.139] Adding entry into typings cache: 'is-number' => '/home/kenet/.cache/typescript/4.4/node_modules/@types/is-number/index.d.ts'
[14:24:47.140] Adding entry into typings cache: 'isexe' => '/home/kenet/.cache/typescript/4.4/node_modules/@types/isexe/index.d.ts'
[14:24:47.142] Adding entry into typings cache: 'js-yaml' => '/home/kenet/.cache/typescript/4.4/node_modules/@types/js-yaml/index.d.ts'
[14:24:47.144] Adding entry into typings cache: 'lodash.castarray' => '/home/kenet/.cache/typescript/4.4/node_modules/@types/lodash.castarray/index.d.ts'
[14:24:47.146] Adding entry into typings cache: 'lodash.isplainobject' => '/home/kenet/.cache/typescript/4.4/node_modules/@types/lodash.isplainobject/index.d.ts'
[14:24:47.148] Adding entry into typings cache: 'lodash.memoize' => '/home/kenet/.cache/typescript/4.4/node_modules/@types/lodash.memoize/index.d.ts'
[14:24:47.149] Adding entry into typings cache: 'lodash.merge' => '/home/kenet/.cache/typescript/4.4/node_modules/@types/lodash.merge/index.d.ts'
[14:24:47.151] Adding entry into typings cache: 'lodash.truncate' => '/home/kenet/.cache/typescript/4.4/node_modules/@types/lodash.truncate/index.d.ts'
[14:24:47.152] Adding entry into typings cache: 'lodash.uniq' => '/home/kenet/.cache/typescript/4.4/node_modules/@types/lodash.uniq/index.d.ts'
[14:24:47.154] Adding entry into typings cache: 'lozad' => '/home/kenet/.cache/typescript/4.4/node_modules/@types/lozad/index.d.ts'
[14:24:47.155] Adding entry into typings cache: 'merge2' => '/home/kenet/.cache/typescript/4.4/node_modules/@types/merge2/index.d.ts'
[14:24:47.157] Adding entry into typings cache: 'micromatch' => '/home/kenet/.cache/typescript/4.4/node_modules/@types/micromatch/index.d.ts'
[14:24:47.159] Adding entry into typings cache: 'min-indent' => '/home/kenet/.cache/typescript/4.4/node_modules/@types/min-indent/index.d.ts'
[14:24:47.160] Adding entry into typings cache: 'minimatch' => '/home/kenet/.cache/typescript/4.4/node_modules/@types/minimatch/index.d.ts'
[14:24:47.161] Adding entry into typings cache: 'minimist' => '/home/kenet/.cache/typescript/4.4/node_modules/@types/minimist/index.d.ts'
[14:24:47.162] Adding entry into typings cache: 'mkdirp' => '/home/kenet/.cache/typescript/4.4/node_modules/@types/mkdirp/index.d.ts'
[14:24:47.164] Adding entry into typings cache: 'ms' => '/home/kenet/.cache/typescript/4.4/node_modules/@types/ms/index.d.ts'
[14:24:47.165] Adding entry into typings cache: 'natural-compare' => '/home/kenet/.cache/typescript/4.4/node_modules/@types/natural-compare/index.d.ts'
[14:24:47.168] Adding entry into typings cache: 'node-fetch' => '/home/kenet/.cache/typescript/4.4/node_modules/@types/node-fetch/index.d.ts'
[14:24:47.169] Adding entry into typings cache: 'normalize-path' => '/home/kenet/.cache/typescript/4.4/node_modules/@types/normalize-path/index.d.ts'
[14:24:47.171] Adding entry into typings cache: 'object-hash' => '/home/kenet/.cache/typescript/4.4/node_modules/@types/object-hash/index.d.ts'
[14:24:47.172] Adding entry into typings cache: 'once' => '/home/kenet/.cache/typescript/4.4/node_modules/@types/once/index.d.ts'
[14:24:47.173] Adding entry into typings cache: 'parse-json' => '/home/kenet/.cache/typescript/4.4/node_modules/@types/parse-json/index.d.ts'
[14:24:47.174] Adding entry into typings cache: 'path-is-absolute' => '/home/kenet/.cache/typescript/4.4/node_modules/@types/path-is-absolute/index.d.ts'
[14:24:47.176] Adding entry into typings cache: 'path-parse' => '/home/kenet/.cache/typescript/4.4/node_modules/@types/path-parse/index.d.ts'
[14:24:47.179] Adding entry into typings cache: 'picomatch' => '/home/kenet/.cache/typescript/4.4/node_modules/@types/picomatch/index.d.ts'
[14:24:47.181] Adding entry into typings cache: 'postcss-js' => '/home/kenet/.cache/typescript/4.4/node_modules/@types/postcss-js/index.d.ts'
[14:24:47.182] Adding entry into typings cache: 'prelude-ls' => '/home/kenet/.cache/typescript/4.4/node_modules/@types/prelude-ls/index.d.ts'
[14:24:47.184] Adding entry into typings cache: 'prettier' => '/home/kenet/.cache/typescript/4.4/node_modules/@types/prettier/index.d.ts'
[14:24:47.185] Adding entry into typings cache: 'progress' => '/home/kenet/.cache/typescript/4.4/node_modules/@types/progress/index.d.ts'
[14:24:47.187] Adding entry into typings cache: 'punycode' => '/home/kenet/.cache/typescript/4.4/node_modules/@types/punycode/index.d.ts'
[14:24:47.190] Adding entry into typings cache: 'require-from-string' => '/home/kenet/.cache/typescript/4.4/node_modules/@types/require-from-string/index.d.ts'
[14:24:47.194] Adding entry into typings cache: 'resolve' => '/home/kenet/.cache/typescript/4.4/node_modules/@types/resolve/index.d.ts'
[14:24:47.195] Adding entry into typings cache: 'rimraf' => '/home/kenet/.cache/typescript/4.4/node_modules/@types/rimraf/index.d.ts'
[14:24:47.196] Adding entry into typings cache: 'run-parallel' => '/home/kenet/.cache/typescript/4.4/node_modules/@types/run-parallel/index.d.ts'
[14:24:47.198] Adding entry into typings cache: 'semver' => '/home/kenet/.cache/typescript/4.4/node_modules/@types/semver/index.d.ts'
[14:24:47.203] Adding entry into typings cache: 'shebang-command' => '/home/kenet/.cache/typescript/4.4/node_modules/@types/shebang-command/index.d.ts'
[14:24:47.205] Adding entry into typings cache: 'slice-ansi' => '/home/kenet/.cache/typescript/4.4/node_modules/@types/slice-ansi/index.d.ts'
[14:24:47.206] Adding entry into typings cache: 'sprintf' => '/home/kenet/.cache/typescript/4.4/node_modules/@types/sprintf/index.d.ts'
[14:24:47.208] Adding entry into typings cache: 'sprintf-js' => '/home/kenet/.cache/typescript/4.4/node_modules/@types/sprintf-js/index.d.ts'
[14:24:47.210] Adding entry into typings cache: 'supports-color' => '/home/kenet/.cache/typescript/4.4/node_modules/@types/supports-color/index.d.ts'
[14:24:47.212] Adding entry into typings cache: 'svgo' => '/home/kenet/.cache/typescript/4.4/node_modules/@types/svgo/index.d.ts'
[14:24:47.214] Adding entry into typings cache: 'tailwindcss' => '/home/kenet/.cache/typescript/4.4/node_modules/@types/tailwindcss/index.d.ts'
[14:24:47.215] Adding entry into typings cache: 'text-table' => '/home/kenet/.cache/typescript/4.4/node_modules/@types/text-table/index.d.ts'
[14:24:47.217] Adding entry into typings cache: 'to-regex-range' => '/home/kenet/.cache/typescript/4.4/node_modules/@types/to-regex-range/index.d.ts'
[14:24:47.218] Adding entry into typings cache: 'type-check' => '/home/kenet/.cache/typescript/4.4/node_modules/@types/type-check/index.d.ts'
[14:24:47.220] Adding entry into typings cache: 'util-deprecate' => '/home/kenet/.cache/typescript/4.4/node_modules/@types/util-deprecate/index.d.ts'
[14:24:47.223] Adding entry into typings cache: 'which' => '/home/kenet/.cache/typescript/4.4/node_modules/@types/which/index.d.ts'
[14:24:47.224] Adding entry into typings cache: 'xtend' => '/home/kenet/.cache/typescript/4.4/node_modules/@types/xtend/index.d.ts'
[14:24:47.225] Adding entry into typings cache: 'yallist' => '/home/kenet/.cache/typescript/4.4/node_modules/@types/yallist/index.d.ts'
[14:24:47.225] Finished processing cache location '/home/kenet/.cache/typescript/4.4'
[14:24:47.226] Process id: 211500
[14:24:47.226] NPM location: /usr/bin/npm (explicit '--npmLocation' not  provided)
[14:24:47.226] validateDefaultNpmLocation: false
[14:24:47.226] Npm config file: /home/kenet/.cache/typescript/4.4/package.json
[14:24:47.226] Updating types-registry npm package...
[14:24:47.226] Exec: /usr/bin/npm install --ignore-scripts types-registry@latest
[14:24:49.183]     Succeeded. stdout:
    
    up to date, audited 124 packages in 2s

1 package is looking for funding
  run `npm fund` for details

found 0 vulnerabilities

[14:24:49.183] Updated types-registry npm package
