Info 0    [19:13:20.255] Starting TS Server
Info 1    [19:13:20.255] Version: 4.4.3
Info 2    [19:13:20.255] Arguments: /usr/bin/node /home/kenet/Proyectos/notas-k/node_modules/typescript/lib/tsserver.js --logFile /home/kenet/Proyectos/notas-k/.log/tsserver.log --logVerbosity info --cancellationPipeName /tmp/c4c2bc312f8357d15ee65e29ea784f7d/tscancellation*
Info 3    [19:13:20.255] Platform: linux NodeVersion: 16 CaseSensitive: true
Info 4    [19:13:20.255] ServerMode: undefined syntaxOnly: false hasUnknownServerMode: undefined
Info 5    [19:13:20.270] Format host information updated
Info 6    [19:13:20.303] Search path: /home/kenet/Proyectos/notas-k
Info 7    [19:13:20.305] For info: /home/kenet/Proyectos/notas-k/tailwind.config.cjs :: Config file name: /home/kenet/Proyectos/notas-k/tsconfig.json
Info 8    [19:13:20.306] Creating configuration project /home/kenet/Proyectos/notas-k/tsconfig.json
Info 9    [19:13:20.343] Config: /home/kenet/Proyectos/notas-k/tsconfig.json : {
 "rootNames": [
  "/home/kenet/Proyectos/notas-k/src/global.d.ts",
  "/home/kenet/Proyectos/notas-k/src/lib/types.d.ts",
  "/home/kenet/Proyectos/notas-k/src/hooks.ts",
  "/home/kenet/Proyectos/notas-k/src/service-worker.ts",
  "/home/kenet/Proyectos/notas-k/src/lib/form.ts",
  "/home/kenet/Proyectos/notas-k/src/lib/components/index.ts",
  "/home/kenet/Proyectos/notas-k/src/lib/marked/renderer.ts",
  "/home/kenet/Proyectos/notas-k/src/lib/mode/constants.ts",
  "/home/kenet/Proyectos/notas-k/src/lib/mode/helpers.ts",
  "/home/kenet/Proyectos/notas-k/src/lib/mode/index.ts",
  "/home/kenet/Proyectos/notas-k/src/lib/utils/fetch.ts",
  "/home/kenet/Proyectos/notas-k/src/lib/utils/media.ts",
  "/home/kenet/Proyectos/notas-k/src/lib/utils/strapi.ts",
  "/home/kenet/Proyectos/notas-k/src/lib/utils/time.ts",
  "/home/kenet/Proyectos/notas-k/src/lib/utils/utils.ts",
  "/home/kenet/Proyectos/notas-k/src/routes/home.graphql.ts",
  "/home/kenet/Proyectos/notas-k/src/routes/blog/[page].graphql.ts",
  "/home/kenet/Proyectos/notas-k/src/routes/blog/article/[slug].graphql.ts",
  "/home/kenet/Proyectos/notas-k/src/routes/blog/writer/[slug].graphql.ts"
 ],
 "options": {
  "moduleResolution": 2,
  "module": 6,
  "lib": [
   "lib.es2020.d.ts",
   "lib.dom.d.ts"
  ],
  "target": 7,
  "importsNotUsedAsValues": 2,
  "isolatedModules": true,
  "resolveJsonModule": true,
  "sourceMap": true,
  "esModuleInterop": true,
  "skipLibCheck": true,
  "forceConsistentCasingInFileNames": true,
  "baseUrl": "/home/kenet/Proyectos/notas-k",
  "allowJs": true,
  "checkJs": true,
  "paths": {
   "$lib": [
    "src/lib"
   ],
   "$lib/*": [
    "src/lib/*"
   ]
  },
  "pathsBasePath": "/home/kenet/Proyectos/notas-k",
  "configFilePath": "/home/kenet/Proyectos/notas-k/tsconfig.json"
 }
}
Info 10   [19:13:20.364] Starting updateGraphWorker: Project: /home/kenet/Proyectos/notas-k/tsconfig.json
Info 11   [19:13:22.419] Finishing updateGraphWorker: Project: /home/kenet/Proyectos/notas-k/tsconfig.json Version: 1 structureChanged: true structureIsReused:: Not Elapsed: 2054.3099800003693ms
Info 12   [19:13:22.419] Project '/home/kenet/Proyectos/notas-k/tsconfig.json' (Configured)
Info 13   [19:13:22.419] 	Files (378)

Info 14   [19:13:22.419] -----------------------------------------------
Info 15   [19:13:22.441] Starting updateGraphWorker: Project: /dev/null/inferredProject1*
Info 16   [19:13:23.866] Finishing updateGraphWorker: Project: /dev/null/inferredProject1* Version: 1 structureChanged: true structureIsReused:: Not Elapsed: 1424.4135440001264ms
Info 17   [19:13:23.866] Project '/dev/null/inferredProject1*' (Inferred)
Info 18   [19:13:23.866] 	Files (173)

Info 19   [19:13:23.866] -----------------------------------------------
Info 20   [19:13:23.874] Starting updateGraphWorker: Project: /dev/null/autoImportProviderProject1*
Info 21   [19:13:24.141] Finishing updateGraphWorker: Project: /dev/null/autoImportProviderProject1* Version: 1 structureChanged: true structureIsReused:: Not Elapsed: 267.8285189997405ms
Info 22   [19:13:24.142] Project '/dev/null/autoImportProviderProject1*' (AutoImportProvider)
Info 23   [19:13:24.142] 	Files (357)

Info 24   [19:13:24.142] -----------------------------------------------
Info 25   [19:13:25.175] DirectoryWatcher:: Triggered with /home/kenet/.cache/typescript/4.4/node_modules/types-registry 0:: WatchInfo: /home/kenet/.cache/typescript/4.4/node_modules 1 undefined Project: /dev/null/inferredProject1* WatchType: Failed Lookup Locations
Info 26   [19:13:25.175] Elapsed:: 0.5077959997579455ms DirectoryWatcher:: Triggered with /home/kenet/.cache/typescript/4.4/node_modules/types-registry 0:: WatchInfo: /home/kenet/.cache/typescript/4.4/node_modules 1 undefined Project: /dev/null/inferredProject1* WatchType: Failed Lookup Locations
Info 27   [19:13:25.175] DirectoryWatcher:: Triggered with /home/kenet/.cache/typescript/4.4/node_modules/types-registry 1:: WatchInfo: /home/kenet/.cache/typescript/4.4/node_modules 1 undefined Project: /dev/null/inferredProject1* WatchType: Failed Lookup Locations
Info 28   [19:13:25.176] Elapsed:: 0.08790699951350689ms DirectoryWatcher:: Triggered with /home/kenet/.cache/typescript/4.4/node_modules/types-registry 1:: WatchInfo: /home/kenet/.cache/typescript/4.4/node_modules 1 undefined Project: /dev/null/inferredProject1* WatchType: Failed Lookup Locations
Info 29   [19:13:25.176] DirectoryWatcher:: Triggered with /home/kenet/.cache/typescript/4.4/node_modules/types-registry/types-registry 2:: WatchInfo: /home/kenet/.cache/typescript/4.4/node_modules 1 undefined Project: /dev/null/inferredProject1* WatchType: Failed Lookup Locations
Info 30   [19:13:25.176] Elapsed:: 0.03063100017607212ms DirectoryWatcher:: Triggered with /home/kenet/.cache/typescript/4.4/node_modules/types-registry/types-registry 2:: WatchInfo: /home/kenet/.cache/typescript/4.4/node_modules 1 undefined Project: /dev/null/inferredProject1* WatchType: Failed Lookup Locations
Info 31   [19:13:25.176] DirectoryWatcher:: Triggered with /home/kenet/.cache/typescript/4.4/node_modules/types-registry/README.md 3:: WatchInfo: /home/kenet/.cache/typescript/4.4/node_modules 1 undefined Project: /dev/null/inferredProject1* WatchType: Failed Lookup Locations
Info 32   [19:13:25.176] Elapsed:: 0.023799000307917595ms DirectoryWatcher:: Triggered with /home/kenet/.cache/typescript/4.4/node_modules/types-registry/README.md 3:: WatchInfo: /home/kenet/.cache/typescript/4.4/node_modules 1 undefined Project: /dev/null/inferredProject1* WatchType: Failed Lookup Locations
Info 33   [19:13:25.176] DirectoryWatcher:: Triggered with /home/kenet/.cache/typescript/4.4/node_modules/types-registry/index.json 4:: WatchInfo: /home/kenet/.cache/typescript/4.4/node_modules 1 undefined Project: /dev/null/inferredProject1* WatchType: Failed Lookup Locations
Info 34   [19:13:25.176] Elapsed:: 0.3418889995664358ms DirectoryWatcher:: Triggered with /home/kenet/.cache/typescript/4.4/node_modules/types-registry/index.json 4:: WatchInfo: /home/kenet/.cache/typescript/4.4/node_modules 1 undefined Project: /dev/null/inferredProject1* WatchType: Failed Lookup Locations
Info 35   [19:13:25.176] DirectoryWatcher:: Triggered with /home/kenet/.cache/typescript/4.4/node_modules/types-registry/package.json 5:: WatchInfo: /home/kenet/.cache/typescript/4.4/node_modules 1 undefined Project: /dev/null/inferredProject1* WatchType: Failed Lookup Locations
Info 36   [19:13:25.176] Elapsed:: 0.08670799992978573ms DirectoryWatcher:: Triggered with /home/kenet/.cache/typescript/4.4/node_modules/types-registry/package.json 5:: WatchInfo: /home/kenet/.cache/typescript/4.4/node_modules 1 undefined Project: /dev/null/inferredProject1* WatchType: Failed Lookup Locations
Info 37   [19:13:25.176] DirectoryWatcher:: Triggered with /home/kenet/.cache/typescript/4.4/node_modules/types-registry/types-registry 6:: WatchInfo: /home/kenet/.cache/typescript/4.4/node_modules 1 undefined Project: /dev/null/inferredProject1* WatchType: Failed Lookup Locations
Info 38   [19:13:25.176] Elapsed:: 0.020653000101447105ms DirectoryWatcher:: Triggered with /home/kenet/.cache/typescript/4.4/node_modules/types-registry/types-registry 6:: WatchInfo: /home/kenet/.cache/typescript/4.4/node_modules 1 undefined Project: /dev/null/inferredProject1* WatchType: Failed Lookup Locations
Info 39   [19:13:25.177] DirectoryWatcher:: Triggered with /home/kenet/.cache/typescript/4.4/node_modules/types-registry/types-registry 7:: WatchInfo: /home/kenet/.cache/typescript/4.4/node_modules 1 undefined Project: /dev/null/inferredProject1* WatchType: Failed Lookup Locations
Info 40   [19:13:25.177] Elapsed:: 0.07051900029182434ms DirectoryWatcher:: Triggered with /home/kenet/.cache/typescript/4.4/node_modules/types-registry/types-registry 7:: WatchInfo: /home/kenet/.cache/typescript/4.4/node_modules 1 undefined Project: /dev/null/inferredProject1* WatchType: Failed Lookup Locations
Info 41   [19:13:25.346] DirectoryWatcher:: Triggered with /home/kenet/.cache/typescript/4.4/node_modules/@types/eslint :: WatchInfo: /home/kenet/.cache/typescript/4.4/node_modules 1 undefined Project: /dev/null/inferredProject1* WatchType: Failed Lookup Locations
Info 42   [19:13:25.347] Elapsed:: 0.2391320001333952ms DirectoryWatcher:: Triggered with /home/kenet/.cache/typescript/4.4/node_modules/@types/eslint :: WatchInfo: /home/kenet/.cache/typescript/4.4/node_modules 1 undefined Project: /dev/null/inferredProject1* WatchType: Failed Lookup Locations
Info 43   [19:13:25.348] DirectoryWatcher:: Triggered with /home/kenet/.cache/typescript/4.4/node_modules/@types/tailwindcss :: WatchInfo: /home/kenet/.cache/typescript/4.4/node_modules 1 undefined Project: /dev/null/inferredProject1* WatchType: Failed Lookup Locations
Info 44   [19:13:25.348] Elapsed:: 0.07296600006520748ms DirectoryWatcher:: Triggered with /home/kenet/.cache/typescript/4.4/node_modules/@types/tailwindcss :: WatchInfo: /home/kenet/.cache/typescript/4.4/node_modules 1 undefined Project: /dev/null/inferredProject1* WatchType: Failed Lookup Locations
Info 45   [19:13:26.305] Starting updateGraphWorker: Project: /dev/null/inferredProject1*
Info 46   [19:13:27.174] Finishing updateGraphWorker: Project: /dev/null/inferredProject1* Version: 2 structureChanged: true structureIsReused:: Not Elapsed: 869.2884419998154ms
Info 47   [19:13:27.174] Project '/dev/null/inferredProject1*' (Inferred)
Info 48   [19:13:27.174] 	Files (581)

Info 49   [19:13:27.174] -----------------------------------------------
Info 50   [19:13:27.174] Project '/dev/null/autoImportProviderProject1*' (AutoImportProvider)
Info 51   [19:13:27.174] 	Files (357)

Info 52   [19:13:27.174] -----------------------------------------------
Info 53   [19:13:27.179] DirectoryWatcher:: Triggered with /home/kenet/.cache/typescript/4.4/node_modules :: WatchInfo: /home/kenet/.cache/typescript/4.4/node_modules 1 undefined Project: /dev/null/inferredProject1* WatchType: Failed Lookup Locations
Info 54   [19:13:27.179] Elapsed:: 0.02825499977916479ms DirectoryWatcher:: Triggered with /home/kenet/.cache/typescript/4.4/node_modules :: WatchInfo: /home/kenet/.cache/typescript/4.4/node_modules 1 undefined Project: /dev/null/inferredProject1* WatchType: Failed Lookup Locations
Info 55   [19:13:27.395] Starting updateGraphWorker: Project: /dev/null/inferredProject1*
Info 56   [19:13:27.502] Finishing updateGraphWorker: Project: /dev/null/inferredProject1* Version: 3 structureChanged: true structureIsReused:: SafeModules Elapsed: 107.59433799982071ms
Info 57   [19:13:27.502] Different program with same set of files
Info 58   [19:13:29.894] Before ensureProjectForOpenFiles:
Info 59   [19:13:29.895] After ensureProjectForOpenFiles:
Info 60   [19:13:29.898] got projects updated in background, updating diagnostics for /home/kenet/Proyectos/notas-k/tailwind.config.cjs
Info 61   [19:59:41.640] DirectoryWatcher:: Triggered with /home/kenet/Proyectos/notas-k/src/i18n/en.json 0:: WatchInfo: /home/kenet/Proyectos/notas-k/src 1 undefined Config: /home/kenet/Proyectos/notas-k/tsconfig.json WatchType: Wild card directory
Info 62   [19:59:41.642] Elapsed:: 1.4490009993314743ms DirectoryWatcher:: Triggered with /home/kenet/Proyectos/notas-k/src/i18n/en.json 0:: WatchInfo: /home/kenet/Proyectos/notas-k/src 1 undefined Config: /home/kenet/Proyectos/notas-k/tsconfig.json WatchType: Wild card directory
Info 63   [19:59:41.642] DirectoryWatcher:: Triggered with /home/kenet/Proyectos/notas-k/src/i18n/en.json 1:: WatchInfo: /home/kenet/Proyectos/notas-k/src 1 undefined Config: /home/kenet/Proyectos/notas-k/tsconfig.json WatchType: Wild card directory
Info 64   [19:59:41.642] Elapsed:: 0.3109830003231764ms DirectoryWatcher:: Triggered with /home/kenet/Proyectos/notas-k/src/i18n/en.json 1:: WatchInfo: /home/kenet/Proyectos/notas-k/src 1 undefined Config: /home/kenet/Proyectos/notas-k/tsconfig.json WatchType: Wild card directory
Info 65   [19:59:41.642] DirectoryWatcher:: Triggered with /home/kenet/Proyectos/notas-k/src/i18n/es.json 2:: WatchInfo: /home/kenet/Proyectos/notas-k/src 1 undefined Config: /home/kenet/Proyectos/notas-k/tsconfig.json WatchType: Wild card directory
Info 66   [19:59:41.643] Elapsed:: 0.4231499992311001ms DirectoryWatcher:: Triggered with /home/kenet/Proyectos/notas-k/src/i18n/es.json 2:: WatchInfo: /home/kenet/Proyectos/notas-k/src 1 undefined Config: /home/kenet/Proyectos/notas-k/tsconfig.json WatchType: Wild card directory
Info 67   [19:59:41.643] DirectoryWatcher:: Triggered with /home/kenet/Proyectos/notas-k/src/i18n/es.json 3:: WatchInfo: /home/kenet/Proyectos/notas-k/src 1 undefined Config: /home/kenet/Proyectos/notas-k/tsconfig.json WatchType: Wild card directory
Info 68   [19:59:41.643] Elapsed:: 0.17615499906241894ms DirectoryWatcher:: Triggered with /home/kenet/Proyectos/notas-k/src/i18n/es.json 3:: WatchInfo: /home/kenet/Proyectos/notas-k/src 1 undefined Config: /home/kenet/Proyectos/notas-k/tsconfig.json WatchType: Wild card directory
Info 69   [19:59:41.643] DirectoryWatcher:: Triggered with /home/kenet/Proyectos/notas-k/src/i18n/en.json 0:: WatchInfo: /home/kenet/Proyectos/notas-k/src 1 undefined Project: /home/kenet/Proyectos/notas-k/tsconfig.json WatchType: Failed Lookup Locations
Info 70   [19:59:41.643] Elapsed:: 0.1248599998652935ms DirectoryWatcher:: Triggered with /home/kenet/Proyectos/notas-k/src/i18n/en.json 0:: WatchInfo: /home/kenet/Proyectos/notas-k/src 1 undefined Project: /home/kenet/Proyectos/notas-k/tsconfig.json WatchType: Failed Lookup Locations
Info 71   [19:59:41.643] DirectoryWatcher:: Triggered with /home/kenet/Proyectos/notas-k/src/i18n/en.json 1:: WatchInfo: /home/kenet/Proyectos/notas-k/src 1 undefined Project: /home/kenet/Proyectos/notas-k/tsconfig.json WatchType: Failed Lookup Locations
Info 72   [19:59:41.643] Elapsed:: 0.13010899908840656ms DirectoryWatcher:: Triggered with /home/kenet/Proyectos/notas-k/src/i18n/en.json 1:: WatchInfo: /home/kenet/Proyectos/notas-k/src 1 undefined Project: /home/kenet/Proyectos/notas-k/tsconfig.json WatchType: Failed Lookup Locations
Info 73   [19:59:41.644] DirectoryWatcher:: Triggered with /home/kenet/Proyectos/notas-k/src/i18n/es.json 2:: WatchInfo: /home/kenet/Proyectos/notas-k/src 1 undefined Project: /home/kenet/Proyectos/notas-k/tsconfig.json WatchType: Failed Lookup Locations
Info 74   [19:59:41.644] Elapsed:: 0.11989100091159344ms DirectoryWatcher:: Triggered with /home/kenet/Proyectos/notas-k/src/i18n/es.json 2:: WatchInfo: /home/kenet/Proyectos/notas-k/src 1 undefined Project: /home/kenet/Proyectos/notas-k/tsconfig.json WatchType: Failed Lookup Locations
Info 75   [19:59:41.644] DirectoryWatcher:: Triggered with /home/kenet/Proyectos/notas-k/src/i18n/es.json 3:: WatchInfo: /home/kenet/Proyectos/notas-k/src 1 undefined Project: /home/kenet/Proyectos/notas-k/tsconfig.json WatchType: Failed Lookup Locations
Info 76   [19:59:41.644] Elapsed:: 0.09602699987590313ms DirectoryWatcher:: Triggered with /home/kenet/Proyectos/notas-k/src/i18n/es.json 3:: WatchInfo: /home/kenet/Proyectos/notas-k/src 1 undefined Project: /home/kenet/Proyectos/notas-k/tsconfig.json WatchType: Failed Lookup Locations
Info 77   [19:59:41.907] Starting updateGraphWorker: Project: /home/kenet/Proyectos/notas-k/tsconfig.json
Info 78   [19:59:41.908] Finishing updateGraphWorker: Project: /home/kenet/Proyectos/notas-k/tsconfig.json Version: 2 structureChanged: false structureIsReused:: Not Elapsed: 1.3075789995491505ms
Info 79   [19:59:44.143] Before ensureProjectForOpenFiles:
Info 80   [19:59:44.144] After ensureProjectForOpenFiles:
Info 81   [19:59:44.144] got projects updated in background, updating diagnostics for /home/kenet/Proyectos/notas-k/tailwind.config.cjs
